<?xml version="1.0" encoding="UTF-8"?>
<!-- Generated by org.testng.reporters.JUnitReportReporter -->
<testsuite hostname="LP-213268337" failures="0" tests="1" name="testcases.loginpagetitlecheck" time="13.934" errors="0" timestamp="2024-04-25T20:36:49 IST" skipped="0">
  <testcase classname="testcases.loginpagetitlecheck" name="loginpagetitlevaliation" time="13.934"/>
</testsuite> <!-- testcases.loginpagetitlecheck -->
