<?xml version="1.0" encoding="UTF-8"?>
<!-- Generated by org.testng.reporters.JUnitReportReporter -->
<testsuite hostname="LP-213268337" failures="0" tests="1" name="testcases.loginpageUIcheck" time="16.697" errors="0" timestamp="2024-04-25T21:15:21 IST" skipped="0">
  <testcase classname="testcases.loginpageUIcheck" name="loginpageuivalidation" time="16.697"/>
</testsuite> <!-- testcases.loginpageUIcheck -->
